warning: The `tool.uv.dev-dependencies` field (used in `packages/openpi-client/pyproject.toml`) is deprecated and will be removed in a future release; use `dependency-groups.dev` instead
WARNING:root:
The dataset you requested (physical-intelligence/libero) is in 2.0 format.
While current version of LeRobot is backward-compatible with it, the version of your dataset still uses global
stats instead of per-episode stats. Update your dataset stats to the new format using this command:
```
python lerobot/common/datasets/v21/convert_dataset_v20_to_v21.py --repo-id=physical-intelligence/libero
```

If you encounter a problem, contact LeRobot maintainers on [Discord](https://discord.com/invite/s3KuuzsPFb)
or open an [issue on GitHub](https://github.com/huggingface/lerobot/issues/new/choose).

WARNING:root:
The dataset you requested (physical-intelligence/libero) is in 2.0 format.
While current version of LeRobot is backward-compatible with it, the version of your dataset still uses global
stats instead of per-episode stats. Update your dataset stats to the new format using this command:
```
python lerobot/common/datasets/v21/convert_dataset_v20_to_v21.py --repo-id=physical-intelligence/libero
```

If you encounter a problem, contact LeRobot maintainers on [Discord](https://discord.com/invite/s3KuuzsPFb)
or open an [issue on GitHub](https://github.com/huggingface/lerobot/issues/new/choose).

Traceback (most recent call last):
  File "/home/ray/default/test_openpi/openpi/.venv/lib/python3.11/site-packages/lerobot/common/datasets/lerobot_dataset.py", line 498, in __init__
    assert all((self.root / fpath).is_file() for fpath in self.get_episodes_file_paths())
           ^^^^^^^^^^^^^^^^^^^^^^^^^^^^^^^^^^^^^^^^^^^^^^^^^^^^^^^^^^^^^^^^^^^^^^^^^^^^^^
AssertionError

During handling of the above exception, another exception occurred:

Traceback (most recent call last):
  File "/home/ray/default/test_openpi/openpi/.venv/lib/python3.11/site-packages/huggingface_hub/utils/_http.py", line 409, in hf_raise_for_status
    response.raise_for_status()
  File "/home/ray/default/test_openpi/openpi/.venv/lib/python3.11/site-packages/requests/models.py", line 1024, in raise_for_status
    raise HTTPError(http_error_msg, response=self)
requests.exceptions.HTTPError: 429 Client Error: Too Many Requests for url: https://huggingface.co/api/datasets/physical-intelligence/libero/refs

The above exception was the direct cause of the following exception:

Traceback (most recent call last):
  File "/home/ray/default/test_openpi/openpi/scripts/compute_norm_stats.py", line 117, in <module>
    tyro.cli(main)
  File "/home/ray/default/test_openpi/openpi/.venv/lib/python3.11/site-packages/tyro/_cli.py", line 229, in cli
    return run_with_args_from_cli()
           ^^^^^^^^^^^^^^^^^^^^^^^^
  File "/home/ray/default/test_openpi/openpi/scripts/compute_norm_stats.py", line 98, in main
    data_loader, num_batches = create_torch_dataloader(
                               ^^^^^^^^^^^^^^^^^^^^^^^^
  File "/home/ray/default/test_openpi/openpi/scripts/compute_norm_stats.py", line 34, in create_torch_dataloader
    dataset = _data_loader.create_torch_dataset(data_config, action_horizon, model_config)
              ^^^^^^^^^^^^^^^^^^^^^^^^^^^^^^^^^^^^^^^^^^^^^^^^^^^^^^^^^^^^^^^^^^^^^^^^^^^^
  File "/home/ray/default/test_openpi/openpi/src/openpi/training/data_loader.py", line 141, in create_torch_dataset
    dataset = lerobot_dataset.LeRobotDataset(
              ^^^^^^^^^^^^^^^^^^^^^^^^^^^^^^^
  File "/home/ray/default/test_openpi/openpi/.venv/lib/python3.11/site-packages/lerobot/common/datasets/lerobot_dataset.py", line 501, in __init__
    self.revision = get_safe_version(self.repo_id, self.revision)
                    ^^^^^^^^^^^^^^^^^^^^^^^^^^^^^^^^^^^^^^^^^^^^^
  File "/home/ray/default/test_openpi/openpi/.venv/lib/python3.11/site-packages/lerobot/common/datasets/utils.py", line 327, in get_safe_version
    hub_versions = get_repo_versions(repo_id)
                   ^^^^^^^^^^^^^^^^^^^^^^^^^^
  File "/home/ray/default/test_openpi/openpi/.venv/lib/python3.11/site-packages/lerobot/common/datasets/utils.py", line 309, in get_repo_versions
    repo_refs = api.list_repo_refs(repo_id, repo_type="dataset")
                ^^^^^^^^^^^^^^^^^^^^^^^^^^^^^^^^^^^^^^^^^^^^^^^^
  File "/home/ray/default/test_openpi/openpi/.venv/lib/python3.11/site-packages/huggingface_hub/utils/_validators.py", line 114, in _inner_fn
    return fn(*args, **kwargs)
           ^^^^^^^^^^^^^^^^^^^
  File "/home/ray/default/test_openpi/openpi/.venv/lib/python3.11/site-packages/huggingface_hub/hf_api.py", line 3200, in list_repo_refs
    hf_raise_for_status(response)
  File "/home/ray/default/test_openpi/openpi/.venv/lib/python3.11/site-packages/huggingface_hub/utils/_http.py", line 482, in hf_raise_for_status
    raise _format(HfHubHTTPError, str(e), response) from e
huggingface_hub.errors.HfHubHTTPError: 429 Client Error: Too Many Requests for url: https://huggingface.co/api/datasets/physical-intelligence/libero/refs (Request ID: Root=1-6998d188-1fa4ed2d18d5f3dd5815ae91;e8ead26a-2dee-4ea7-9993-55ebf005d721)

We had to rate limit you, you hit the quota of 1000 api requests per 5 minutes period. Upgrade to a PRO user or Team/Enterprise organization account (https://hf.co/pricing) to get higher limits. See https://huggingface.co/docs/hub/rate-limits
