warning: The `tool.uv.dev-dependencies` field (used in `packages/openpi-client/pyproject.toml`) is deprecated and will be removed in a future release; use `dependency-groups.dev` instead
/home/ray/default/test_openpi/openpi/.venv/lib/python3.11/site-packages/transformers/utils/hub.py:111: FutureWarning: Using `TRANSFORMERS_CACHE` is deprecated and will be removed in v5 of Transformers. Use `HF_HOME` instead.
  warnings.warn(
WARNING:root:Revision v2.1 for physical-intelligence/libero not found, using version v2.0
Fetching 4 files:   0%|          | 0/4 [00:00<?, ?it/s]Fetching 4 files:  50%|█████     | 2/4 [00:00<00:00, 11.02it/s]Fetching 4 files: 100%|██████████| 4/4 [00:00<00:00, 19.09it/s]
WARNING:root:
The dataset you requested (physical-intelligence/libero) is in 2.0 format.
While current version of LeRobot is backward-compatible with it, the version of your dataset still uses global
stats instead of per-episode stats. Update your dataset stats to the new format using this command:
```
python lerobot/common/datasets/v21/convert_dataset_v20_to_v21.py --repo-id=physical-intelligence/libero
```

If you encounter a problem, contact LeRobot maintainers on [Discord](https://discord.com/invite/s3KuuzsPFb)
or open an [issue on GitHub](https://github.com/huggingface/lerobot/issues/new/choose).

WARNING:root:
The dataset you requested (physical-intelligence/libero) is in 2.0 format.
While current version of LeRobot is backward-compatible with it, the version of your dataset still uses global
stats instead of per-episode stats. Update your dataset stats to the new format using this command:
```
python lerobot/common/datasets/v21/convert_dataset_v20_to_v21.py --repo-id=physical-intelligence/libero
```

If you encounter a problem, contact LeRobot maintainers on [Discord](https://discord.com/invite/s3KuuzsPFb)
or open an [issue on GitHub](https://github.com/huggingface/lerobot/issues/new/choose).

WARNING:root:Revision v2.1 for physical-intelligence/libero not found, using version v2.0
Fetching 1699 files:   0%|          | 0/1699 [00:00<?, ?it/s]Fetching 1699 files:   0%|          | 3/1699 [00:00<08:21,  3.38it/s]Fetching 1699 files:   0%|          | 4/1699 [00:01<06:56,  4.07it/s]Fetching 1699 files:   1%|          | 9/1699 [00:01<02:51,  9.88it/s]Fetching 1699 files:   1%|          | 11/1699 [00:01<04:33,  6.18it/s]Fetching 1699 files:   1%|          | 13/1699 [00:02<04:24,  6.37it/s]Fetching 1699 files:   1%|          | 15/1699 [00:02<06:33,  4.28it/s]Fetching 1699 files:   1%|          | 19/1699 [00:03<03:56,  7.09it/s]Fetching 1699 files:   1%|▏         | 23/1699 [00:03<02:39, 10.49it/s]Fetching 1699 files:   2%|▏         | 26/1699 [00:04<04:28,  6.22it/s]Fetching 1699 files:   2%|▏         | 28/1699 [00:04<04:11,  6.65it/s]Fetching 1699 files:   2%|▏         | 32/1699 [00:05<05:09,  5.38it/s]Fetching 1699 files:   2%|▏         | 37/1699 [00:05<03:24,  8.15it/s]Fetching 1699 files:   2%|▏         | 40/1699 [00:15<27:22,  1.01it/s]Fetching 1699 files:   7%|▋         | 115/1699 [00:16<02:44,  9.62it/s]Fetching 1699 files:   7%|▋         | 120/1699 [00:16<02:38,  9.96it/s]Fetching 1699 files:   7%|▋         | 124/1699 [00:17<02:42,  9.69it/s]Fetching 1699 files:   7%|▋         | 127/1699 [00:17<02:40,  9.81it/s]Fetching 1699 files:   8%|▊         | 131/1699 [00:17<02:30, 10.45it/s]Fetching 1699 files:   8%|▊         | 134/1699 [00:18<02:43,  9.59it/s]Fetching 1699 files:   8%|▊         | 136/1699 [00:18<02:36, 10.02it/s]Fetching 1699 files:   8%|▊         | 138/1699 [00:18<02:30, 10.35it/s]Fetching 1699 files:   8%|▊         | 140/1699 [00:19<03:21,  7.74it/s]Fetching 1699 files:   9%|▊         | 146/1699 [00:19<02:43,  9.51it/s]Fetching 1699 files:   9%|▊         | 148/1699 [00:19<02:45,  9.39it/s]Fetching 1699 files:   9%|▉         | 150/1699 [00:19<02:33, 10.09it/s]Fetching 1699 files:   9%|▉         | 152/1699 [00:20<02:38,  9.77it/s]Fetching 1699 files:   9%|▉         | 154/1699 [00:20<02:28, 10.42it/s]Fetching 1699 files:   9%|▉         | 156/1699 [00:20<03:10,  8.10it/s]Fetching 1699 files:   9%|▉         | 159/1699 [00:21<03:03,  8.39it/s]Fetching 1699 files:   9%|▉         | 160/1699 [00:21<03:31,  7.29it/s]Fetching 1699 files:  10%|▉         | 163/1699 [00:21<02:38,  9.69it/s]Fetching 1699 files:  10%|▉         | 166/1699 [00:22<03:37,  7.06it/s]Fetching 1699 files:  10%|█         | 172/1699 [00:22<03:22,  7.54it/s]Fetching 1699 files:  10%|█         | 173/1699 [00:23<03:31,  7.22it/s]Fetching 1699 files:  11%|█         | 180/1699 [00:23<02:58,  8.52it/s]Fetching 1699 files:  11%|█         | 182/1699 [00:23<02:40,  9.43it/s]Fetching 1699 files:  11%|█         | 185/1699 [00:24<02:28, 10.17it/s]Fetching 1699 files:  11%|█         | 187/1699 [00:24<02:56,  8.54it/s]Fetching 1699 files:  11%|█         | 189/1699 [00:24<02:51,  8.80it/s]Fetching 1699 files:  11%|█         | 191/1699 [00:25<03:34,  7.03it/s]Fetching 1699 files:  12%|█▏        | 197/1699 [00:26<03:57,  6.33it/s]Fetching 1699 files:  12%|█▏        | 203/1699 [00:26<02:36,  9.57it/s]Fetching 1699 files:  12%|█▏        | 206/1699 [00:26<02:43,  9.11it/s]Fetching 1699 files:  12%|█▏        | 208/1699 [00:26<02:40,  9.30it/s]Fetching 1699 files:  12%|█▏        | 210/1699 [00:27<02:24, 10.30it/s]Fetching 1699 files:  13%|█▎        | 213/1699 [00:27<02:07, 11.62it/s]Fetching 1699 files:  13%|█▎        | 215/1699 [00:27<02:52,  8.60it/s]Fetching 1699 files:  13%|█▎        | 217/1699 [00:27<02:38,  9.36it/s]Fetching 1699 files:  13%|█▎        | 219/1699 [00:28<02:55,  8.44it/s]Fetching 1699 files:  13%|█▎        | 222/1699 [00:28<03:25,  7.19it/s]Fetching 1699 files:  13%|█▎        | 225/1699 [00:28<03:02,  8.08it/s]Fetching 1699 files:  14%|█▎        | 231/1699 [00:29<02:42,  9.02it/s]Fetching 1699 files:  14%|█▎        | 233/1699 [00:29<02:32,  9.59it/s]Fetching 1699 files:  14%|█▍        | 235/1699 [00:30<03:43,  6.55it/s]Fetching 1699 files:  14%|█▍        | 240/1699 [00:30<03:00,  8.10it/s]Fetching 1699 files:  14%|█▍        | 244/1699 [00:31<04:11,  5.78it/s]Fetching 1699 files:  15%|█▍        | 254/1699 [00:32<02:12, 10.87it/s]Fetching 1699 files:  15%|█▌        | 256/1699 [00:32<02:30,  9.58it/s]Fetching 1699 files:  15%|█▌        | 258/1699 [00:32<02:37,  9.13it/s]Fetching 1699 files:  15%|█▌        | 260/1699 [00:33<02:53,  8.28it/s]Fetching 1699 files:  15%|█▌        | 262/1699 [00:33<02:32,  9.40it/s]Fetching 1699 files:  16%|█▌        | 264/1699 [00:33<03:46,  6.35it/s]Fetching 1699 files:  16%|█▌        | 269/1699 [00:34<03:14,  7.36it/s]Fetching 1699 files:  16%|█▌        | 273/1699 [00:34<02:38,  9.01it/s]Fetching 1699 files:  16%|█▌        | 276/1699 [00:34<02:10, 10.95it/s]Fetching 1699 files:  16%|█▋        | 278/1699 [00:35<02:32,  9.33it/s]Fetching 1699 files:  16%|█▋        | 280/1699 [00:35<02:43,  8.68it/s]Fetching 1699 files:  17%|█▋        | 282/1699 [00:35<03:11,  7.40it/s]Fetching 1699 files:  17%|█▋        | 286/1699 [00:36<02:39,  8.88it/s]Fetching 1699 files:  17%|█▋        | 288/1699 [00:36<02:23,  9.84it/s]Fetching 1699 files:  17%|█▋        | 290/1699 [00:36<02:37,  8.97it/s]Fetching 1699 files:  17%|█▋        | 292/1699 [00:36<03:01,  7.76it/s]Fetching 1699 files:  17%|█▋        | 294/1699 [00:37<02:56,  7.96it/s]Fetching 1699 files:  17%|█▋        | 295/1699 [00:37<03:28,  6.73it/s]Fetching 1699 files:  18%|█▊        | 298/1699 [00:37<03:08,  7.42it/s]Fetching 1699 files:  18%|█▊        | 304/1699 [00:38<02:19, 10.00it/s]Fetching 1699 files:  18%|█▊        | 305/1699 [00:38<02:59,  7.77it/s]Fetching 1699 files:  18%|█▊        | 308/1699 [00:38<03:10,  7.29it/s]Fetching 1699 files:  18%|█▊        | 310/1699 [00:40<05:58,  3.87it/s]Fetching 1699 files:  19%|█▉        | 321/1699 [00:40<02:45,  8.35it/s]Fetching 1699 files:  19%|█▉        | 325/1699 [00:40<02:16, 10.10it/s]Fetching 1699 files:  19%|█▉        | 328/1699 [00:41<02:36,  8.76it/s]Fetching 1699 files:  19%|█▉        | 331/1699 [00:42<03:27,  6.59it/s]Fetching 1699 files:  20%|█▉        | 337/1699 [00:42<02:19,  9.73it/s]Fetching 1699 files:  20%|█▉        | 339/1699 [00:42<02:22,  9.55it/s]Fetching 1699 files:  20%|██        | 341/1699 [00:43<02:53,  7.82it/s]Fetching 1699 files:  20%|██        | 343/1699 [00:43<03:03,  7.40it/s]Fetching 1699 files:  20%|██        | 348/1699 [00:43<02:20,  9.60it/s]Fetching 1699 files:  21%|██        | 350/1699 [00:44<02:36,  8.63it/s]Fetching 1699 files:  21%|██        | 352/1699 [00:44<02:39,  8.46it/s]Fetching 1699 files:  21%|██        | 353/1699 [00:44<02:59,  7.49it/s]Fetching 1699 files:  21%|██        | 356/1699 [00:44<02:17,  9.78it/s]Fetching 1699 files:  21%|██        | 358/1699 [00:44<02:12, 10.12it/s]Fetching 1699 files:  21%|██        | 360/1699 [00:45<02:24,  9.24it/s]Fetching 1699 files:  21%|██▏       | 362/1699 [00:45<02:43,  8.20it/s]Fetching 1699 files:  21%|██▏       | 364/1699 [00:46<03:45,  5.91it/s]Fetching 1699 files:  22%|██▏       | 366/1699 [00:46<03:54,  5.68it/s]Fetching 1699 files:  22%|██▏       | 370/1699 [00:46<02:50,  7.80it/s]Fetching 1699 files:  22%|██▏       | 373/1699 [00:46<02:24,  9.20it/s]Fetching 1699 files:  22%|██▏       | 376/1699 [00:47<03:16,  6.72it/s]Fetching 1699 files:  23%|██▎       | 385/1699 [00:47<01:46, 12.32it/s]Fetching 1699 files:  23%|██▎       | 387/1699 [00:47<01:40, 13.02it/s]Fetching 1699 files:  23%|██▎       | 390/1699 [00:48<02:13,  9.82it/s]Fetching 1699 files:  23%|██▎       | 397/1699 [00:48<01:27, 14.96it/s]Fetching 1699 files:  24%|██▎       | 400/1699 [00:48<01:23, 15.63it/s]Fetching 1699 files:  24%|██▎       | 403/1699 [00:49<01:34, 13.68it/s]Fetching 1699 files:  24%|██▍       | 405/1699 [00:49<01:29, 14.51it/s]Fetching 1699 files:  24%|██▍       | 407/1699 [00:49<01:39, 12.99it/s]Fetching 1699 files:  24%|██▍       | 410/1699 [00:49<02:04, 10.38it/s]Fetching 1699 files:  24%|██▍       | 414/1699 [00:50<01:57, 10.92it/s]Fetching 1699 files:  25%|██▍       | 418/1699 [00:50<02:04, 10.33it/s]Fetching 1699 files:  25%|██▌       | 425/1699 [00:50<01:19, 16.02it/s]Fetching 1699 files:  25%|██▌       | 428/1699 [00:51<01:32, 13.74it/s]Fetching 1699 files:  25%|██▌       | 430/1699 [00:51<01:29, 14.19it/s]Fetching 1699 files:  26%|██▌       | 434/1699 [00:51<01:28, 14.31it/s]Fetching 1699 files:  26%|██▌       | 436/1699 [00:51<01:56, 10.82it/s]Fetching 1699 files:  26%|██▌       | 442/1699 [00:52<01:31, 13.75it/s]Fetching 1699 files:  26%|██▋       | 447/1699 [00:52<01:14, 16.85it/s]Fetching 1699 files:  26%|██▋       | 449/1699 [00:52<01:19, 15.68it/s]Fetching 1699 files:  27%|██▋       | 451/1699 [00:52<01:38, 12.64it/s]Fetching 1699 files:  27%|██▋       | 458/1699 [00:53<01:08, 18.04it/s]Fetching 1699 files:  27%|██▋       | 460/1699 [00:53<01:10, 17.50it/s]Fetching 1699 files:  27%|██▋       | 464/1699 [00:53<01:12, 17.04it/s]Fetching 1699 files:  27%|██▋       | 466/1699 [00:53<01:29, 13.82it/s]Fetching 1699 files:  28%|██▊       | 468/1699 [00:53<01:25, 14.39it/s]Fetching 1699 files:  28%|██▊       | 472/1699 [00:54<01:16, 16.12it/s]Fetching 1699 files:  28%|██▊       | 475/1699 [00:54<01:16, 16.06it/s]Fetching 1699 files:  28%|██▊       | 477/1699 [00:54<01:28, 13.77it/s]Fetching 1699 files:  28%|██▊       | 481/1699 [00:54<01:23, 14.67it/s]Fetching 1699 files:  29%|██▊       | 485/1699 [00:54<01:13, 16.50it/s]Fetching 1699 files:  29%|██▊       | 487/1699 [00:55<01:17, 15.68it/s]Fetching 1699 files:  29%|██▉       | 490/1699 [00:55<01:13, 16.54it/s]Fetching 1699 files:  29%|██▉       | 492/1699 [00:55<01:31, 13.14it/s]Fetching 1699 files:  29%|██▉       | 495/1699 [00:55<01:16, 15.75it/s]Fetching 1699 files:  29%|██▉       | 497/1699 [00:55<01:22, 14.52it/s]Fetching 1699 files:  29%|██▉       | 500/1699 [00:55<01:10, 17.06it/s]Fetching 1699 files:  30%|██▉       | 502/1699 [00:56<01:32, 13.00it/s]Fetching 1699 files:  30%|██▉       | 504/1699 [00:56<01:46, 11.26it/s]Fetching 1699 files:  30%|██▉       | 506/1699 [00:56<01:47, 11.10it/s]Fetching 1699 files:  30%|███       | 512/1699 [00:56<01:23, 14.19it/s]Fetching 1699 files:  30%|███       | 517/1699 [00:57<01:13, 15.98it/s]Fetching 1699 files:  31%|███       | 520/1699 [00:57<01:19, 14.87it/s]Fetching 1699 files:  31%|███       | 522/1699 [00:57<01:31, 12.88it/s]Fetching 1699 files:  31%|███       | 528/1699 [00:58<01:35, 12.23it/s]Fetching 1699 files:  31%|███▏      | 532/1699 [00:58<01:21, 14.39it/s]Fetching 1699 files:  32%|███▏      | 536/1699 [00:58<01:12, 16.10it/s]Fetching 1699 files:  32%|███▏      | 538/1699 [00:58<01:24, 13.76it/s]Fetching 1699 files:  32%|███▏      | 541/1699 [00:58<01:17, 14.85it/s]Fetching 1699 files:  32%|███▏      | 544/1699 [00:59<01:18, 14.68it/s]Fetching 1699 files:  32%|███▏      | 546/1699 [00:59<01:25, 13.44it/s]Fetching 1699 files:  32%|███▏      | 548/1699 [00:59<01:35, 12.00it/s]Fetching 1699 files:  33%|███▎      | 554/1699 [00:59<01:19, 14.35it/s]Fetching 1699 files:  33%|███▎      | 556/1699 [01:00<01:32, 12.42it/s]Fetching 1699 files:  33%|███▎      | 558/1699 [01:00<02:05,  9.11it/s]Fetching 1699 files:  33%|███▎      | 567/1699 [01:00<01:10, 16.03it/s]Fetching 1699 files:  34%|███▎      | 570/1699 [01:01<01:37, 11.56it/s]Fetching 1699 files:  34%|███▍      | 579/1699 [01:02<01:41, 11.06it/s]Fetching 1699 files:  35%|███▍      | 587/1699 [01:02<01:14, 14.87it/s]Fetching 1699 files:  35%|███▍      | 592/1699 [01:02<01:13, 14.98it/s]Fetching 1699 files:  35%|███▌      | 595/1699 [01:02<01:07, 16.32it/s]Fetching 1699 files:  35%|███▌      | 598/1699 [01:02<01:05, 16.87it/s]Fetching 1699 files:  35%|███▌      | 601/1699 [01:03<01:18, 13.92it/s]Fetching 1699 files:  35%|███▌      | 603/1699 [01:03<01:16, 14.41it/s]Fetching 1699 files:  36%|███▌      | 605/1699 [01:03<01:44, 10.49it/s]Fetching 1699 files:  36%|███▌      | 610/1699 [01:04<01:19, 13.69it/s]Fetching 1699 files:  36%|███▌      | 612/1699 [01:04<01:22, 13.25it/s]Fetching 1699 files:  36%|███▋      | 616/1699 [01:04<01:14, 14.56it/s]Fetching 1699 files:  37%|███▋      | 621/1699 [01:04<01:02, 17.38it/s]Fetching 1699 files:  37%|███▋      | 625/1699 [01:04<01:04, 16.74it/s]Fetching 1699 files:  37%|███▋      | 628/1699 [01:05<01:34, 11.30it/s]Fetching 1699 files:  37%|███▋      | 635/1699 [01:05<01:02, 16.94it/s]Fetching 1699 files:  38%|███▊      | 638/1699 [01:05<01:05, 16.18it/s]Fetching 1699 files:  38%|███▊      | 641/1699 [01:05<01:03, 16.70it/s]Fetching 1699 files:  38%|███▊      | 643/1699 [01:06<01:23, 12.58it/s]Fetching 1699 files:  38%|███▊      | 648/1699 [01:06<01:13, 14.25it/s]Fetching 1699 files:  38%|███▊      | 653/1699 [01:06<01:11, 14.57it/s]Fetching 1699 files:  39%|███▊      | 658/1699 [01:07<01:05, 16.01it/s]Fetching 1699 files:  39%|███▉      | 660/1699 [01:07<01:33, 11.17it/s]Fetching 1699 files:  39%|███▉      | 667/1699 [01:07<00:57, 17.89it/s]Fetching 1699 files:  39%|███▉      | 670/1699 [01:08<01:32, 11.15it/s]Fetching 1699 files:  40%|███▉      | 675/1699 [01:08<01:14, 13.75it/s]Fetching 1699 files:  40%|███▉      | 678/1699 [01:08<01:18, 13.03it/s]Fetching 1699 files:  40%|████      | 681/1699 [01:09<01:37, 10.41it/s]Fetching 1699 files:  40%|████      | 687/1699 [01:09<01:22, 12.22it/s]Fetching 1699 files:  41%|████      | 694/1699 [01:09<01:07, 14.96it/s]Fetching 1699 files:  41%|████      | 696/1699 [01:10<01:14, 13.54it/s]Fetching 1699 files:  41%|████▏     | 701/1699 [01:10<01:11, 13.94it/s]Fetching 1699 files:  41%|████▏     | 703/1699 [01:10<01:17, 12.81it/s]Fetching 1699 files:  42%|████▏     | 706/1699 [01:10<01:11, 13.89it/s]Fetching 1699 files:  42%|████▏     | 708/1699 [01:11<01:26, 11.51it/s]Fetching 1699 files:  42%|████▏     | 711/1699 [01:11<01:25, 11.59it/s]Fetching 1699 files:  42%|████▏     | 716/1699 [01:11<01:08, 14.25it/s]Fetching 1699 files:  42%|████▏     | 720/1699 [01:11<00:59, 16.32it/s]Fetching 1699 files:  42%|████▏     | 722/1699 [01:12<02:13,  7.32it/s]Fetching 1699 files:  43%|████▎     | 731/1699 [01:13<01:13, 13.14it/s]Fetching 1699 files:  43%|████▎     | 734/1699 [01:13<01:36,  9.99it/s]Fetching 1699 files:  44%|████▎     | 742/1699 [01:13<01:09, 13.73it/s]Fetching 1699 files:  44%|████▍     | 747/1699 [01:14<01:16, 12.49it/s]Fetching 1699 files:  44%|████▍     | 751/1699 [01:14<01:10, 13.46it/s]Fetching 1699 files:  45%|████▍     | 759/1699 [01:14<00:49, 18.82it/s]Fetching 1699 files:  45%|████▍     | 762/1699 [01:15<01:01, 15.23it/s]Fetching 1699 files:  45%|████▌     | 766/1699 [01:15<01:11, 13.01it/s]Fetching 1699 files:  45%|████▌     | 771/1699 [01:15<01:05, 14.14it/s]Fetching 1699 files:  46%|████▌     | 775/1699 [01:16<01:17, 11.85it/s]Fetching 1699 files:  46%|████▌     | 778/1699 [01:17<02:08,  7.16it/s]Fetching 1699 files:  46%|████▋     | 790/1699 [01:17<01:03, 14.32it/s]Fetching 1699 files:  47%|████▋     | 793/1699 [01:17<01:04, 14.11it/s]Fetching 1699 files:  47%|████▋     | 798/1699 [01:17<00:51, 17.56it/s]Fetching 1699 files:  47%|████▋     | 802/1699 [01:18<01:07, 13.37it/s]Fetching 1699 files:  47%|████▋     | 806/1699 [01:18<00:58, 15.35it/s]Fetching 1699 files:  48%|████▊     | 810/1699 [01:19<01:11, 12.50it/s]Fetching 1699 files:  48%|████▊     | 815/1699 [01:19<01:01, 14.33it/s]Fetching 1699 files:  48%|████▊     | 818/1699 [01:19<00:58, 15.10it/s]Fetching 1699 files:  48%|████▊     | 821/1699 [01:19<00:59, 14.68it/s]Fetching 1699 files:  48%|████▊     | 823/1699 [01:19<01:08, 12.80it/s]Fetching 1699 files:  49%|████▊     | 825/1699 [01:20<01:10, 12.31it/s]Fetching 1699 files:  49%|████▉     | 829/1699 [01:20<01:10, 12.36it/s]Fetching 1699 files:  49%|████▉     | 831/1699 [01:20<01:11, 12.22it/s]Fetching 1699 files:  49%|████▉     | 833/1699 [01:20<01:05, 13.13it/s]Fetching 1699 files:  49%|████▉     | 837/1699 [01:21<01:15, 11.45it/s]Fetching 1699 files:  49%|████▉     | 839/1699 [01:21<01:26,  9.90it/s]{"timestamp":"2026-02-20T21:25:57.059413Z","level":"WARN","fields":{"message":"Status Code: 502. Retrying...","request_id":""},"filename":"/home/runner/work/xet-core/xet-core/cas_client/src/http_client.rs","line_number":169}
{"timestamp":"2026-02-20T21:25:57.059445Z","level":"WARN","fields":{"message":"Retry attempt #0. Sleeping 906.691096ms before the next attempt"},"filename":"/root/.cargo/registry/src/index.crates.io-1949cf8c6b5b557f/reqwest-retry-0.6.1/src/middleware.rs","line_number":166}
Fetching 1699 files:  50%|████▉     | 845/1699 [01:21<01:04, 13.34it/s]{"timestamp":"2026-02-20T21:25:57.288764Z","level":"WARN","fields":{"message":"Status Code: 502. Retrying...","request_id":""},"filename":"/home/runner/work/xet-core/xet-core/cas_client/src/http_client.rs","line_number":169}
{"timestamp":"2026-02-20T21:25:57.288798Z","level":"WARN","fields":{"message":"Retry attempt #0. Sleeping 1.57407235s before the next attempt"},"filename":"/root/.cargo/registry/src/index.crates.io-1949cf8c6b5b557f/reqwest-retry-0.6.1/src/middleware.rs","line_number":166}
Fetching 1699 files:  50%|█████     | 850/1699 [01:21<00:54, 15.55it/s]{"timestamp":"2026-02-20T21:26:07.413801Z","level":"WARN","fields":{"message":"Status Code: 504. Retrying...","request_id":""},"filename":"/home/runner/work/xet-core/xet-core/cas_client/src/http_client.rs","line_number":169}
{"timestamp":"2026-02-20T21:26:07.413831Z","level":"WARN","fields":{"message":"Retry attempt #0. Sleeping 2.85328987s before the next attempt"},"filename":"/root/.cargo/registry/src/index.crates.io-1949cf8c6b5b557f/reqwest-retry-0.6.1/src/middleware.rs","line_number":166}
{"timestamp":"2026-02-20T21:26:07.795155Z","level":"WARN","fields":{"message":"Status Code: 504. Retrying...","request_id":""},"filename":"/home/runner/work/xet-core/xet-core/cas_client/src/http_client.rs","line_number":169}
{"timestamp":"2026-02-20T21:26:07.795185Z","level":"WARN","fields":{"message":"Retry attempt #0. Sleeping 119.960827ms before the next attempt"},"filename":"/root/.cargo/registry/src/index.crates.io-1949cf8c6b5b557f/reqwest-retry-0.6.1/src/middleware.rs","line_number":166}
{"timestamp":"2026-02-20T21:26:08.020841Z","level":"WARN","fields":{"message":"Status Code: 504. Retrying...","request_id":""},"filename":"/home/runner/work/xet-core/xet-core/cas_client/src/http_client.rs","line_number":169}
{"timestamp":"2026-02-20T21:26:08.020879Z","level":"WARN","fields":{"message":"Retry attempt #0. Sleeping 2.4731737s before the next attempt"},"filename":"/root/.cargo/registry/src/index.crates.io-1949cf8c6b5b557f/reqwest-retry-0.6.1/src/middleware.rs","line_number":166}
{"timestamp":"2026-02-20T21:26:08.572316Z","level":"WARN","fields":{"message":"Status Code: 504. Retrying...","request_id":""},"filename":"/home/runner/work/xet-core/xet-core/cas_client/src/http_client.rs","line_number":169}
{"timestamp":"2026-02-20T21:26:08.572343Z","level":"WARN","fields":{"message":"Retry attempt #0. Sleeping 469.745808ms before the next attempt"},"filename":"/root/.cargo/registry/src/index.crates.io-1949cf8c6b5b557f/reqwest-retry-0.6.1/src/middleware.rs","line_number":166}
Fetching 1699 files:  50%|█████     | 852/1699 [01:35<16:50,  1.19s/it]Fetching 1699 files:  51%|█████     | 859/1699 [01:35<09:12,  1.52it/s]Fetching 1699 files:  55%|█████▌    | 942/1699 [01:35<00:59, 12.76it/s]Fetching 1699 files:  56%|█████▌    | 950/1699 [01:35<00:54, 13.80it/s]Fetching 1699 files:  56%|█████▋    | 957/1699 [01:36<00:55, 13.28it/s]Fetching 1699 files:  57%|█████▋    | 962/1699 [01:37<00:57, 12.75it/s]Fetching 1699 files:  57%|█████▋    | 967/1699 [01:37<00:51, 14.09it/s]Fetching 1699 files:  57%|█████▋    | 971/1699 [01:37<00:59, 12.34it/s]Fetching 1699 files:  57%|█████▋    | 974/1699 [01:38<01:01, 11.81it/s]Fetching 1699 files:  58%|█████▊    | 979/1699 [01:38<01:04, 11.17it/s]Fetching 1699 files:  58%|█████▊    | 985/1699 [01:38<00:49, 14.48it/s]Fetching 1699 files:  58%|█████▊    | 989/1699 [01:39<01:12,  9.84it/s]Fetching 1699 files:  59%|█████▊    | 994/1699 [01:39<00:57, 12.20it/s]Fetching 1699 files:  59%|█████▊    | 998/1699 [01:40<00:53, 12.99it/s]Fetching 1699 files:  59%|█████▊    | 998/1699 [01:40<01:10,  9.97it/s]
Traceback (most recent call last):
  File "/home/ray/default/test_openpi/openpi/.venv/lib/python3.11/site-packages/huggingface_hub/utils/_http.py", line 409, in hf_raise_for_status
    response.raise_for_status()
  File "/home/ray/default/test_openpi/openpi/.venv/lib/python3.11/site-packages/requests/models.py", line 1024, in raise_for_status
    raise HTTPError(http_error_msg, response=self)
requests.exceptions.HTTPError: 429 Client Error: Too Many Requests for url: https://huggingface.co/api/datasets/physical-intelligence/libero/xet-read-token/9dfa69510ea9e1613fc54112bc706444b686a231

The above exception was the direct cause of the following exception:

Traceback (most recent call last):
  File "/home/ray/default/test_openpi/openpi/scripts/compute_norm_stats.py", line 117, in <module>
    tyro.cli(main)
  File "/home/ray/default/test_openpi/openpi/.venv/lib/python3.11/site-packages/tyro/_cli.py", line 229, in cli
    return run_with_args_from_cli()
           ^^^^^^^^^^^^^^^^^^^^^^^^
  File "/home/ray/default/test_openpi/openpi/scripts/compute_norm_stats.py", line 98, in main
    data_loader, num_batches = create_torch_dataloader(
                               ^^^^^^^^^^^^^^^^^^^^^^^^
  File "/home/ray/default/test_openpi/openpi/scripts/compute_norm_stats.py", line 34, in create_torch_dataloader
    dataset = _data_loader.create_torch_dataset(data_config, action_horizon, model_config)
              ^^^^^^^^^^^^^^^^^^^^^^^^^^^^^^^^^^^^^^^^^^^^^^^^^^^^^^^^^^^^^^^^^^^^^^^^^^^^
  File "/home/ray/default/test_openpi/openpi/src/openpi/training/data_loader.py", line 141, in create_torch_dataset
    dataset = lerobot_dataset.LeRobotDataset(
              ^^^^^^^^^^^^^^^^^^^^^^^^^^^^^^^
  File "/home/ray/default/test_openpi/openpi/.venv/lib/python3.11/site-packages/lerobot/common/datasets/lerobot_dataset.py", line 502, in __init__
    self.download_episodes(download_videos)
  File "/home/ray/default/test_openpi/openpi/.venv/lib/python3.11/site-packages/lerobot/common/datasets/lerobot_dataset.py", line 601, in download_episodes
    self.pull_from_repo(allow_patterns=files, ignore_patterns=ignore_patterns)
  File "/home/ray/default/test_openpi/openpi/.venv/lib/python3.11/site-packages/lerobot/common/datasets/lerobot_dataset.py", line 579, in pull_from_repo
    snapshot_download(
  File "/home/ray/default/test_openpi/openpi/.venv/lib/python3.11/site-packages/huggingface_hub/utils/_validators.py", line 114, in _inner_fn
    return fn(*args, **kwargs)
           ^^^^^^^^^^^^^^^^^^^
  File "/home/ray/default/test_openpi/openpi/.venv/lib/python3.11/site-packages/huggingface_hub/_snapshot_download.py", line 327, in snapshot_download
    thread_map(
  File "/home/ray/default/test_openpi/openpi/.venv/lib/python3.11/site-packages/tqdm/contrib/concurrent.py", line 69, in thread_map
    return _executor_map(ThreadPoolExecutor, fn, *iterables, **tqdm_kwargs)
           ^^^^^^^^^^^^^^^^^^^^^^^^^^^^^^^^^^^^^^^^^^^^^^^^^^^^^^^^^^^^^^^^
  File "/home/ray/default/test_openpi/openpi/.venv/lib/python3.11/site-packages/tqdm/contrib/concurrent.py", line 51, in _executor_map
    return list(tqdm_class(ex.map(fn, *iterables, chunksize=chunksize), **kwargs))
           ^^^^^^^^^^^^^^^^^^^^^^^^^^^^^^^^^^^^^^^^^^^^^^^^^^^^^^^^^^^^^^^^^^^^^^^
  File "/home/ray/default/test_openpi/openpi/.venv/lib/python3.11/site-packages/tqdm/std.py", line 1181, in __iter__
    for obj in iterable:
  File "/home/ray/.local/share/uv/python/cpython-3.11.14-linux-x86_64-gnu/lib/python3.11/concurrent/futures/_base.py", line 619, in result_iterator
    yield _result_or_cancel(fs.pop())
          ^^^^^^^^^^^^^^^^^^^^^^^^^^^
  File "/home/ray/.local/share/uv/python/cpython-3.11.14-linux-x86_64-gnu/lib/python3.11/concurrent/futures/_base.py", line 317, in _result_or_cancel
    return fut.result(timeout)
           ^^^^^^^^^^^^^^^^^^^
  File "/home/ray/.local/share/uv/python/cpython-3.11.14-linux-x86_64-gnu/lib/python3.11/concurrent/futures/_base.py", line 449, in result
    return self.__get_result()
           ^^^^^^^^^^^^^^^^^^^
  File "/home/ray/.local/share/uv/python/cpython-3.11.14-linux-x86_64-gnu/lib/python3.11/concurrent/futures/_base.py", line 401, in __get_result
    raise self._exception
  File "/home/ray/.local/share/uv/python/cpython-3.11.14-linux-x86_64-gnu/lib/python3.11/concurrent/futures/thread.py", line 58, in run
    result = self.fn(*self.args, **self.kwargs)
             ^^^^^^^^^^^^^^^^^^^^^^^^^^^^^^^^^^
  File "/home/ray/default/test_openpi/openpi/.venv/lib/python3.11/site-packages/huggingface_hub/_snapshot_download.py", line 301, in _inner_hf_hub_download
    return hf_hub_download(
           ^^^^^^^^^^^^^^^^
  File "/home/ray/default/test_openpi/openpi/.venv/lib/python3.11/site-packages/huggingface_hub/utils/_validators.py", line 114, in _inner_fn
    return fn(*args, **kwargs)
           ^^^^^^^^^^^^^^^^^^^
  File "/home/ray/default/test_openpi/openpi/.venv/lib/python3.11/site-packages/huggingface_hub/file_download.py", line 988, in hf_hub_download
    return _hf_hub_download_to_local_dir(
           ^^^^^^^^^^^^^^^^^^^^^^^^^^^^^^
  File "/home/ray/default/test_openpi/openpi/.venv/lib/python3.11/site-packages/huggingface_hub/file_download.py", line 1290, in _hf_hub_download_to_local_dir
    _download_to_tmp_and_move(
  File "/home/ray/default/test_openpi/openpi/.venv/lib/python3.11/site-packages/huggingface_hub/file_download.py", line 1710, in _download_to_tmp_and_move
    xet_get(
  File "/home/ray/default/test_openpi/openpi/.venv/lib/python3.11/site-packages/huggingface_hub/file_download.py", line 592, in xet_get
    connection_info = refresh_xet_connection_info(file_data=xet_file_data, headers=headers)
                      ^^^^^^^^^^^^^^^^^^^^^^^^^^^^^^^^^^^^^^^^^^^^^^^^^^^^^^^^^^^^^^^^^^^^^
  File "/home/ray/default/test_openpi/openpi/.venv/lib/python3.11/site-packages/huggingface_hub/utils/_validators.py", line 114, in _inner_fn
    return fn(*args, **kwargs)
           ^^^^^^^^^^^^^^^^^^^
  File "/home/ray/default/test_openpi/openpi/.venv/lib/python3.11/site-packages/huggingface_hub/utils/_xet.py", line 112, in refresh_xet_connection_info
    return _fetch_xet_connection_info_with_url(file_data.refresh_route, headers)
           ^^^^^^^^^^^^^^^^^^^^^^^^^^^^^^^^^^^^^^^^^^^^^^^^^^^^^^^^^^^^^^^^^^^^^
  File "/home/ray/default/test_openpi/openpi/.venv/lib/python3.11/site-packages/huggingface_hub/utils/_validators.py", line 114, in _inner_fn
    return fn(*args, **kwargs)
           ^^^^^^^^^^^^^^^^^^^
  File "/home/ray/default/test_openpi/openpi/.venv/lib/python3.11/site-packages/huggingface_hub/utils/_xet.py", line 183, in _fetch_xet_connection_info_with_url
    hf_raise_for_status(resp)
  File "/home/ray/default/test_openpi/openpi/.venv/lib/python3.11/site-packages/huggingface_hub/utils/_http.py", line 482, in hf_raise_for_status
    raise _format(HfHubHTTPError, str(e), response) from e
huggingface_hub.errors.HfHubHTTPError: 429 Client Error: Too Many Requests for url: https://huggingface.co/api/datasets/physical-intelligence/libero/xet-read-token/9dfa69510ea9e1613fc54112bc706444b686a231 (Request ID: Root=1-6998d176-21c4ca470aa103330c964bd4;5b3d1e4f-8480-496e-b2ec-2abc084152d1)

We had to rate limit you, you hit the quota of 1000 api requests per 5 minutes period. Upgrade to a PRO user or Team/Enterprise organization account (https://hf.co/pricing) to get higher limits. See https://huggingface.co/docs/hub/rate-limits
